<?xml version="1.0" encoding="UTF-8"?>
<!-- Generated by org.testng.reporters.JUnitReportReporter -->
<testsuite hostname="LTIN518335" failures="0" tests="5" name="TestCases.TC_003_GiftCards" time="159.128" errors="0" timestamp="2024-06-06T12:44:05 IST" skipped="0">
  <testcase classname="TestCases.TC_003_GiftCards" name="searchbookshelves" time="41.490"/>
  <testcase classname="TestCases.TC_003_GiftCards" name="Items" time="15.724"/>
  <testcase classname="TestCases.TC_003_GiftCards" name="ClickGiftCards" time="73.994"/>
  <testcase classname="TestCases.TC_003_GiftCards" name="GetErrorMsg" time="10.095"/>
  <testcase classname="TestCases.TC_003_GiftCards" name="ValidateDetails" time="17.825"/>
</testsuite> <!-- TestCases.TC_003_GiftCards -->
